SF:lib/src/extensions/build_context.dart
DA:7,3
DA:8,3
DA:11,3
DA:12,3
LF:4
LH:4
end_of_record
SF:lib/src/extensions/date_time.dart
DA:4,1
DA:5,2
LF:2
LH:2
end_of_record
SF:lib/src/extensions/string.dart
DA:4,2
DA:5,6
DA:7,2
DA:9,2
DA:11,2
DA:13,2
DA:15,2
DA:17,2
DA:19,2
DA:20,2
DA:21,2
DA:22,2
DA:23,2
DA:24,2
DA:25,2
DA:26,2
DA:27,2
DA:29,2
DA:31,2
DA:33,2
DA:34,2
DA:38,2
DA:39,2
DA:40,2
DA:41,2
DA:42,2
DA:43,2
DA:47,2
DA:49,2
DA:50,2
DA:52,2
DA:53,2
DA:55,2
DA:56,2
DA:60,2
DA:61,2
DA:62,2
DA:63,2
DA:64,2
DA:68,2
DA:69,2
DA:70,2
DA:71,2
DA:75,2
DA:76,2
DA:77,2
DA:78,2
DA:82,2
LF:48
LH:48
end_of_record
SF:lib/src/models/gnrllybttr_sidebar_config.dart
DA:16,6
LF:1
LH:1
end_of_record
SF:lib/src/models/gnrllybttr_sidebar_decoration.dart
DA:17,6
DA:29,18
DA:33,18
DA:58,13
DA:81,16
DA:115,16
DA:161,13
LF:7
LH:7
end_of_record
SF:lib/src/models/gnrllybttr_sidebar_item_props.dart
DA:20,12
DA:83,1
DA:94,1
DA:95,1
DA:96,1
DA:97,1
DA:98,1
DA:99,1
DA:100,1
DA:101,1
DA:102,1
DA:103,1
LF:12
LH:12
end_of_record
SF:lib/src/widgets/gnrllybttr_sidebar_item.dart
DA:18,1
DA:30,1
DA:36,1
DA:38,1
DA:41,2
DA:43,4
DA:45,1
DA:46,1
DA:47,1
DA:48,1
DA:49,1
DA:51,1
DA:52,1
DA:53,1
DA:54,1
DA:55,1
DA:71,1
DA:80,1
DA:81,1
DA:83,1
DA:84,1
DA:85,1
DA:86,1
DA:89,1
DA:90,1
DA:93,1
DA:95,1
DA:96,1
DA:99,1
DA:101,4
DA:103,1
DA:104,1
DA:105,1
DA:106,1
DA:111,1
DA:125,1
DA:132,1
DA:134,1
DA:135,1
DA:136,1
DA:137,1
DA:138,1
DA:141,1
DA:144,1
DA:146,2
DA:157,1
DA:162,2
DA:163,2
DA:164,3
DA:167,1
DA:169,1
DA:170,1
DA:171,1
DA:172,1
DA:173,1
DA:179,2
DA:180,2
DA:181,1
DA:182,1
DA:184,1
DA:187,3
DA:190,2
DA:191,1
DA:192,1
DA:194,1
DA:195,2
DA:198,1
DA:200,1
DA:201,1
DA:205,1
DA:216,1
DA:220,1
DA:221,1
DA:225,1
DA:226,1
DA:228,4
DA:230,1
DA:232,1
DA:233,1
DA:234,1
DA:235,2
DA:253,1
DA:260,1
DA:262,1
DA:265,1
DA:266,1
DA:278,1
DA:283,1
DA:285,1
DA:303,1
DA:309,1
DA:311,1
DA:312,1
DA:314,4
DA:316,1
DA:317,1
DA:318,1
DA:323,1
DA:324,1
DA:327,1
DA:328,1
DA:330,1
DA:331,1
DA:337,1
DA:339,1
DA:340,2
DA:362,1
DA:368,1
DA:370,1
DA:373,1
DA:375,2
DA:377,4
DA:379,1
DA:381,1
DA:382,1
DA:383,1
DA:400,1
DA:408,1
DA:410,1
DA:413,1
DA:416,2
DA:427,1
DA:432,1
DA:434,1
DA:448,1
DA:455,1
DA:457,1
DA:460,1
DA:462,1
DA:480,1
DA:487,1
DA:489,1
DA:492,1
DA:506,1
DA:507,1
DA:520,1
DA:522,1
DA:524,6
DA:527,1
DA:529,2
DA:530,2
DA:532,1
DA:535,1
DA:537,2
DA:538,2
DA:539,4
DA:541,1
DA:543,1
DA:544,1
DA:545,1
DA:546,1
DA:547,1
DA:549,1
DA:550,2
DA:551,3
DA:553,1
DA:554,2
DA:555,3
DA:557,1
DA:558,1
DA:559,3
DA:561,3
DA:562,4
DA:565,1
DA:566,1
DA:567,1
DA:568,1
DA:569,2
DA:570,1
DA:571,2
DA:572,1
DA:574,1
DA:576,1
DA:577,1
DA:578,1
DA:579,1
DA:580,2
DA:582,1
DA:583,1
DA:584,1
DA:585,2
DA:586,3
DA:592,1
DA:596,1
DA:597,1
DA:599,1
DA:600,1
DA:601,1
DA:603,1
DA:604,2
DA:616,1
DA:617,1
DA:618,1
DA:619,1
DA:622,1
DA:623,1
DA:625,1
DA:626,2
DA:627,1
DA:628,1
DA:629,1
DA:630,1
DA:632,1
DA:633,1
DA:634,1
DA:636,4
DA:638,1
DA:653,3
DA:663,1
DA:678,1
DA:680,4
DA:682,1
DA:683,1
DA:684,2
DA:685,3
DA:688,1
DA:689,1
DA:690,1
DA:691,2
DA:696,2
DA:698,1
LF:221
LH:221
end_of_record
SF:lib/src/notifiers/gnrllybttr_sidebar_controller.dart
DA:13,6
DA:17,6
DA:18,6
DA:32,8
DA:37,4
DA:42,2
DA:43,4
DA:49,3
DA:50,6
DA:56,1
DA:57,4
DA:64,1
DA:65,2
DA:66,1
DA:67,1
DA:75,2
DA:76,6
DA:77,3
DA:78,1
DA:80,4
DA:81,2
DA:88,2
DA:89,4
DA:90,2
DA:96,1
DA:97,2
DA:98,1
DA:104,3
DA:105,6
DA:106,6
LF:30
LH:30
end_of_record
SF:lib/src/providers/gnrllybttr_sidebar_controller_provider.dart
DA:15,2
DA:32,1
DA:34,1
DA:36,1
DA:43,1
DA:45,1
DA:47,1
DA:54,1
DA:56,3
DA:57,3
LF:10
LH:10
end_of_record
SF:lib/src/providers/gnrllybttr_sidebar_position_provider.dart
DA:14,4
DA:30,4
DA:32,4
DA:34,4
DA:41,3
DA:43,9
LF:6
LH:6
end_of_record
SF:lib/src/providers/gnrllybttr_sidebar_provider.dart
DA:14,4
DA:29,4
DA:31,4
DA:32,4
DA:39,2
DA:41,6
LF:6
LH:6
end_of_record
SF:lib/src/widgets/gnrllybttr_scaffold.dart
DA:20,1
DA:48,1
DA:49,1
DA:69,1
DA:71,1
DA:73,4
DA:74,1
DA:75,4
DA:76,1
DA:77,4
DA:78,3
DA:81,1
DA:83,2
DA:84,2
DA:86,1
DA:89,1
DA:91,4
DA:92,4
DA:94,1
DA:95,1
DA:96,1
DA:97,1
DA:98,1
DA:99,1
DA:100,1
DA:101,2
DA:102,1
DA:103,1
DA:105,1
DA:106,2
DA:107,1
DA:108,1
DA:110,1
DA:111,1
DA:112,1
DA:113,3
DA:114,3
DA:115,1
DA:116,3
DA:118,1
DA:120,1
DA:121,3
DA:124,1
DA:125,3
DA:128,3
DA:129,3
DA:131,1
DA:132,3
DA:133,1
DA:139,1
DA:141,1
DA:142,1
DA:144,3
DA:150,1
DA:152,1
DA:153,1
DA:155,3
LF:57
LH:57
end_of_record
SF:lib/src/widgets/gnrllybttr_sidebar.dart
DA:16,3
DA:38,3
DA:40,6
DA:41,3
DA:42,6
DA:43,6
DA:44,9
DA:45,3
DA:47,3
DA:48,3
DA:49,3
DA:50,6
DA:51,3
DA:53,3
DA:54,6
DA:55,3
DA:56,3
DA:57,3
DA:58,3
DA:59,3
DA:60,3
DA:61,2
DA:63,2
DA:65,3
DA:67,3
DA:69,3
DA:70,3
DA:71,3
DA:73,3
DA:75,3
DA:76,3
DA:78,1
DA:79,1
DA:80,1
DA:81,1
DA:86,1
DA:87,2
DA:90,1
DA:93,3
DA:94,3
DA:95,3
DA:104,2
DA:109,2
DA:110,3
DA:111,2
LF:45
LH:45
end_of_record
